<?xml version="1.0" encoding="UTF-8"?>
<!-- Generated by org.testng.reporters.JUnitReportReporter -->
<testsuite hostname="01250WS3115" name="testing.NextPage" tests="1" failures="0" timestamp="20 Jun 2016 18:49:55 GMT" time="1.784" errors="0">
  <testcase name="NextPage" time="1.784" classname="testing.NextPage"/>
</testsuite> <!-- testing.NextPage -->
