<?xml version="1.0" encoding="UTF-8"?>
<!-- Generated by org.testng.reporters.JUnitReportReporter -->
<testsuite hostname="01250WS3115" name="testing.HmePage" tests="1" failures="0" timestamp="20 Jun 2016 18:49:55 GMT" time="0.118" errors="0">
  <testcase name="homePage" time="0.118" classname="testing.HmePage"/>
</testsuite> <!-- testing.HmePage -->
